<?xml version="1.0" encoding="UTF-8"?>
<!-- Generated by org.testng.reporters.JUnitReportReporter -->
<testsuite hostname="DESKTOP-R42C9RG" name="Mobile_Selenium_TestNG_Maven_Assignment2.AndroidAppiumAssignment.DW007TC_usingXLsheel" tests="1" failures="0" timestamp="30 Sep 2020 10:12:41 GMT" time="38.619" errors="0">
  <testcase name="Login" time="38.619" classname="Mobile_Selenium_TestNG_Maven_Assignment2.AndroidAppiumAssignment.DW007TC_usingXLsheel"/>
</testsuite> <!-- Mobile_Selenium_TestNG_Maven_Assignment2.AndroidAppiumAssignment.DW007TC_usingXLsheel -->
